TN:
SF:src/app/app.component.ts
FN:12,(anonymous_0)
FNF:1
FNH:1
FNDA:2,(anonymous_0)
DA:1,1
DA:2,1
DA:11,1
DA:12,2
LF:4
LH:4
BRF:0
BRH:0
end_of_record
TN:
SF:src/app/app.routes.ts
FNF:0
FNH:0
DA:2,0
DA:3,0
DA:4,0
DA:6,0
LF:4
LH:0
BRF:0
BRH:0
end_of_record
TN:
SF:src/app/components/cart/cart.component.ts
FN:14,(anonymous_0)
FN:19,(anonymous_1)
FN:23,(anonymous_2)
FN:27,(anonymous_3)
FN:31,(anonymous_4)
FN:35,(anonymous_5)
FN:39,(anonymous_6)
FNF:7
FNH:7
FNDA:6,(anonymous_0)
FNDA:1,(anonymous_1)
FNDA:1,(anonymous_2)
FNDA:1,(anonymous_3)
FNDA:1,(anonymous_4)
FNDA:1,(anonymous_5)
FNDA:1,(anonymous_6)
DA:1,1
DA:2,1
DA:13,1
DA:15,6
DA:16,6
DA:20,1
DA:24,1
DA:28,1
DA:32,1
DA:36,1
DA:40,1
LF:11
LH:11
BRF:0
BRH:0
end_of_record
TN:
SF:src/app/components/catalogue/catalogue.component.ts
FN:20,(anonymous_0)
FN:25,(anonymous_1)
FN:27,(anonymous_2)
FN:31,(anonymous_3)
FN:38,(anonymous_4)
FN:42,(anonymous_5)
FN:46,(anonymous_6)
FN:52,(anonymous_7)
FN:55,(anonymous_8)
FNF:9
FNH:9
FNDA:7,(anonymous_0)
FNDA:2,(anonymous_1)
FNDA:1,(anonymous_2)
FNDA:1,(anonymous_3)
FNDA:3,(anonymous_4)
FNDA:2,(anonymous_5)
FNDA:2,(anonymous_6)
FNDA:1,(anonymous_7)
FNDA:1,(anonymous_8)
DA:1,1
DA:2,1
DA:13,1
DA:14,7
DA:15,7
DA:16,7
DA:17,7
DA:18,7
DA:21,7
DA:22,7
DA:26,2
DA:28,1
DA:29,1
DA:32,1
DA:33,1
DA:39,3
DA:43,2
DA:47,2
DA:48,1
DA:53,1
DA:54,1
DA:55,1
LF:22
LH:22
BRDA:47,0,0,1
BRF:1
BRH:1
end_of_record
TN:
SF:src/app/components/payment/payment.component.ts
FN:26,(anonymous_0)
FN:32,(anonymous_1)
FN:45,(anonymous_2)
FN:47,(anonymous_3)
FN:55,(anonymous_4)
FN:62,(anonymous_5)
FN:66,(anonymous_6)
FNF:7
FNH:7
FNDA:6,(anonymous_0)
FNDA:4,(anonymous_1)
FNDA:3,(anonymous_2)
FNDA:2,(anonymous_3)
FNDA:1,(anonymous_4)
FNDA:1,(anonymous_5)
FNDA:1,(anonymous_6)
DA:1,1
DA:2,1
DA:20,1
DA:21,6
DA:22,6
DA:23,6
DA:24,6
DA:27,6
DA:28,6
DA:29,6
DA:33,4
DA:34,4
DA:35,1
DA:36,1
DA:39,3
DA:41,3
DA:45,3
DA:48,2
DA:49,2
DA:50,2
DA:51,2
DA:52,1
DA:56,1
DA:57,1
DA:63,1
DA:67,1
LF:26
LH:26
BRDA:34,0,0,1
BRDA:51,1,0,1
BRF:2
BRH:2
end_of_record
TN:
SF:src/app/services/cart.service.ts
FN:12,(anonymous_0)
FN:16,(anonymous_1)
FN:17,(anonymous_2)
FN:20,(anonymous_3)
FN:21,(anonymous_4)
FN:24,(anonymous_5)
FN:25,(anonymous_6)
FN:36,(anonymous_7)
FN:37,(anonymous_8)
FN:41,(anonymous_9)
FN:46,(anonymous_10)
FN:47,(anonymous_11)
FN:51,(anonymous_12)
FN:56,(anonymous_13)
FN:57,(anonymous_14)
FNF:15
FNH:15
FNDA:15,(anonymous_0)
FNDA:2,(anonymous_1)
FNDA:2,(anonymous_2)
FNDA:2,(anonymous_3)
FNDA:2,(anonymous_4)
FNDA:29,(anonymous_5)
FNDA:15,(anonymous_6)
FNDA:5,(anonymous_7)
FNDA:5,(anonymous_8)
FNDA:2,(anonymous_9)
FNDA:3,(anonymous_10)
FNDA:5,(anonymous_11)
FNDA:1,(anonymous_12)
FNDA:2,(anonymous_13)
FNDA:1,(anonymous_14)
DA:1,1
DA:2,1
DA:6,1
DA:7,19
DA:8,19
DA:10,19
DA:13,15
DA:17,2
DA:21,2
DA:25,29
DA:26,29
DA:27,7
DA:28,6
DA:30,22
DA:32,28
DA:33,28
DA:37,5
DA:38,5
DA:39,4
DA:40,4
DA:41,2
DA:43,4
DA:47,5
DA:48,3
DA:52,1
DA:53,1
DA:57,2
DA:58,2
LF:28
LH:28
BRDA:26,0,0,7
BRDA:26,0,1,22
BRDA:27,1,0,1
BRDA:38,2,0,1
BRDA:40,3,0,2
BRDA:58,4,0,1
BRDA:58,4,1,1
BRF:7
BRH:7
end_of_record
TN:
SF:src/app/services/catalogue.service.ts
FN:8,(anonymous_0)
FN:10,(anonymous_1)
FNF:2
FNH:2
FNDA:2,(anonymous_0)
FNDA:2,(anonymous_1)
DA:1,1
DA:7,1
DA:8,2
DA:11,2
LF:4
LH:4
BRF:0
BRH:0
end_of_record
